# JRE version: OpenJDK Runtime Environment (8.0_152) (build 1.8.0_152-release-1343-b16-5323222)
# Java VM: OpenJDK 64-Bit Server VM (25.152-b16-5323222 mixed mode linux-amd64 compressed oops)
Heap:
 PSYoungGen      total 236544K, used 0K [0x00000000e0000000, 0x00000000f7e00000, 0x0000000100000000)
  eden space 171008K, 0% used [0x00000000e0000000,0x00000000e0000000,0x00000000ea700000)
  from space 65536K, 0% used [0x00000000eff00000,0x00000000eff00000,0x00000000f3f00000)
  to   space 90112K, 0% used [0x00000000ea700000,0x00000000ea700000,0x00000000eff00000)
 ParOldGen       total 133120K, used 111043K [0x00000000a0000000, 0x00000000a8200000, 0x00000000e0000000)
  object space 133120K, 83% used [0x00000000a0000000,0x00000000a6c70ee0,0x00000000a8200000)
 Metaspace       used 81115K, capacity 83980K, committed 84760K, reserved 1122304K
  class space    used 10598K, capacity 11174K, committed 11312K, reserved 1048576K
GC Heap History (10 events):
Event: 120.473 GC heap after
Heap after GC invocations=23 (full 3):
 PSYoungGen      total 166400K, used 25087K [0x00000000e0000000, 0x00000000ec800000, 0x0000000100000000)
  eden space 137216K, 0% used [0x00000000e0000000,0x00000000e0000000,0x00000000e8600000)
  from space 29184K, 85% used [0x00000000ea580000,0x00000000ebdffde8,0x00000000ec200000)
  to   space 32256K, 0% used [0x00000000e8600000,0x00000000e8600000,0x00000000ea580000)
 ParOldGen       total 133120K, used 44606K [0x00000000a0000000, 0x00000000a8200000, 0x00000000e0000000)
  object space 133120K, 33% used [0x00000000a0000000,0x00000000a2b8f9b8,0x00000000a8200000)
 Metaspace       used 79043K, capacity 82170K, committed 82328K, reserved 1120256K
  class space    used 10449K, capacity 11067K, committed 11184K, reserved 1048576K
}
Event: 122.101 GC heap before
{Heap before GC invocations=24 (full 3):
 PSYoungGen      total 166400K, used 162303K [0x00000000e0000000, 0x00000000ec800000, 0x0000000100000000)
  eden space 137216K, 100% used [0x00000000e0000000,0x00000000e8600000,0x00000000e8600000)
  from space 29184K, 85% used [0x00000000ea580000,0x00000000ebdffde8,0x00000000ec200000)
  to   space 32256K, 0% used [0x00000000e8600000,0x00000000e8600000,0x00000000ea580000)
 ParOldGen       total 133120K, used 44606K [0x00000000a0000000, 0x00000000a8200000, 0x00000000e0000000)
  object space 133120K, 33% used [0x00000000a0000000,0x00000000a2b8f9b8,0x00000000a8200000)
 Metaspace       used 80060K, capacity 83262K, committed 83352K, reserved 1122304K
  class space    used 10545K, capacity 11179K, committed 11184K, reserved 1048576K
Event: 122.146 GC heap after
Heap after GC invocations=24 (full 3):
 PSYoungGen      total 169472K, used 25921K [0x00000000e0000000, 0x00000000ee700000, 0x0000000100000000)
  eden space 137216K, 0% used [0x00000000e0000000,0x00000000e0000000,0x00000000e8600000)
  from space 32256K, 80% used [0x00000000e8600000,0x00000000e9f50508,0x00000000ea580000)
  to   space 34816K, 0% used [0x00000000ec500000,0x00000000ec500000,0x00000000ee700000)
 ParOldGen       total 133120K, used 44614K [0x00000000a0000000, 0x00000000a8200000, 0x00000000e0000000)
  object space 133120K, 33% used [0x00000000a0000000,0x00000000a2b919b8,0x00000000a8200000)
 Metaspace       used 80060K, capacity 83262K, committed 83352K, reserved 1122304K
  class space    used 10545K, capacity 11179K, committed 11184K, reserved 1048576K
}
Event: 125.726 GC heap before
{Heap before GC invocations=25 (full 3):
 PSYoungGen      total 169472K, used 163137K [0x00000000e0000000, 0x00000000ee700000, 0x0000000100000000)
  eden space 137216K, 100% used [0x00000000e0000000,0x00000000e8600000,0x00000000e8600000)
  from space 32256K, 80% used [0x00000000e8600000,0x00000000e9f50508,0x00000000ea580000)
  to   space 34816K, 0% used [0x00000000ec500000,0x00000000ec500000,0x00000000ee700000)
 ParOldGen       total 133120K, used 44614K [0x00000000a0000000, 0x00000000a8200000, 0x00000000e0000000)
  object space 133120K, 33% used [0x00000000a0000000,0x00000000a2b919b8,0x00000000a8200000)
 Metaspace       used 80436K, capacity 83678K, committed 83864K, reserved 1122304K
  class space    used 10569K, capacity 11183K, committed 11184K, reserved 1048576K
Event: 125.811 GC heap after
Heap after GC invocations=25 (full 3):
 PSYoungGen      total 188416K, used 34786K [0x00000000e0000000, 0x00000000f0500000, 0x0000000100000000)
  eden space 153600K, 0% used [0x00000000e0000000,0x00000000e0000000,0x00000000e9600000)
  from space 34816K, 99% used [0x00000000ec500000,0x00000000ee6f8810,0x00000000ee700000)
  to   space 48128K, 0% used [0x00000000e9600000,0x00000000e9600000,0x00000000ec500000)
 ParOldGen       total 133120K, used 67276K [0x00000000a0000000, 0x00000000a8200000, 0x00000000e0000000)
  object space 133120K, 50% used [0x00000000a0000000,0x00000000a41b3318,0x00000000a8200000)
 Metaspace       used 80436K, capacity 83678K, committed 83864K, reserved 1122304K
  class space    used 10569K, capacity 11183K, committed 11184K, reserved 1048576K
}
Event: 128.964 GC heap before
{Heap before GC invocations=26 (full 3):
 PSYoungGen      total 188416K, used 188386K [0x00000000e0000000, 0x00000000f0500000, 0x0000000100000000)
  eden space 153600K, 100% used [0x00000000e0000000,0x00000000e9600000,0x00000000e9600000)
  from space 34816K, 99% used [0x00000000ec500000,0x00000000ee6f8810,0x00000000ee700000)
  to   space 48128K, 0% used [0x00000000e9600000,0x00000000e9600000,0x00000000ec500000)
 ParOldGen       total 133120K, used 67276K [0x00000000a0000000, 0x00000000a8200000, 0x00000000e0000000)
  object space 133120K, 50% used [0x00000000a0000000,0x00000000a41b3318,0x00000000a8200000)
 Metaspace       used 81209K, capacity 84578K, committed 84760K, reserved 1122304K
  class space    used 10673K, capacity 11307K, committed 11312K, reserved 1048576K
Event: 129.067 GC heap after
Heap after GC invocations=26 (full 3):
 PSYoungGen      total 201728K, used 48124K [0x00000000e0000000, 0x00000000f3f00000, 0x0000000100000000)
  eden space 153600K, 0% used [0x00000000e0000000,0x00000000e0000000,0x00000000e9600000)
  from space 48128K, 99% used [0x00000000e9600000,0x00000000ec4ff270,0x00000000ec500000)
  to   space 65536K, 0% used [0x00000000eff00000,0x00000000eff00000,0x00000000f3f00000)
 ParOldGen       total 133120K, used 92686K [0x00000000a0000000, 0x00000000a8200000, 0x00000000e0000000)
  object space 133120K, 69% used [0x00000000a0000000,0x00000000a5a83860,0x00000000a8200000)
 Metaspace       used 81209K, capacity 84578K, committed 84760K, reserved 1122304K
  class space    used 10673K, capacity 11307K, committed 11312K, reserved 1048576K
}
Event: 132.882 GC heap before
{Heap before GC invocations=27 (full 3):
 PSYoungGen      total 201728K, used 201724K [0x00000000e0000000, 0x00000000f3f00000, 0x0000000100000000)
  eden space 153600K, 100% used [0x00000000e0000000,0x00000000e9600000,0x00000000e9600000)
  from space 48128K, 99% used [0x00000000e9600000,0x00000000ec4ff270,0x00000000ec500000)
  to   space 65536K, 0% used [0x00000000eff00000,0x00000000eff00000,0x00000000f3f00000)
 ParOldGen       total 133120K, used 92686K [0x00000000a0000000, 0x00000000a8200000, 0x00000000e0000000)
  object space 133120K, 69% used [0x00000000a0000000,0x00000000a5a83860,0x00000000a8200000)
 Metaspace       used 81348K, capacity 84656K, committed 84760K, reserved 1122304K
  class space    used 10677K, capacity 11312K, committed 11312K, reserved 1048576K
Event: 134.921 GC heap after
Heap after GC invocations=27 (full 3):
 PSYoungGen      total 236544K, used 65532K [0x00000000e0000000, 0x00000000f7e00000, 0x0000000100000000)
  eden space 171008K, 0% used [0x00000000e0000000,0x00000000e0000000,0x00000000ea700000)
  from space 65536K, 99% used [0x00000000eff00000,0x00000000f3eff240,0x00000000f3f00000)
  to   space 90112K, 0% used [0x00000000ea700000,0x00000000ea700000,0x00000000eff00000)
 ParOldGen       total 133120K, used 129304K [0x00000000a0000000, 0x00000000a8200000, 0x00000000e0000000)
  object space 133120K, 97% used [0x00000000a0000000,0x00000000a7e46330,0x00000000a8200000)
 Metaspace       used 81348K, capacity 84656K, committed 84760K, reserved 1122304K
  class space    used 10677K, capacity 11312K, committed 11312K, reserved 1048576K
}
Event: 135.546 GC heap before
{Heap before GC invocations=28 (full 4):
 PSYoungGen      total 236544K, used 65532K [0x00000000e0000000, 0x00000000f7e00000, 0x0000000100000000)
  eden space 171008K, 0% used [0x00000000e0000000,0x00000000e0000000,0x00000000ea700000)
  from space 65536K, 99% used [0x00000000eff00000,0x00000000f3eff240,0x00000000f3f00000)
  to   space 90112K, 0% used [0x00000000ea700000,0x00000000ea700000,0x00000000eff00000)
 ParOldGen       total 133120K, used 129304K [0x00000000a0000000, 0x00000000a8200000, 0x00000000e0000000)
  object space 133120K, 97% used [0x00000000a0000000,0x00000000a7e46330,0x00000000a8200000)
 Metaspace       used 81348K, capacity 84656K, committed 84760K, reserved 1122304K
  class space    used 10677K, capacity 11312K, committed 11312K, reserved 1048576K

